Detalles de la partida:
  Modo: NORMAL
  Numero de ronda: 1
  Duracion: 297
  Puntajes:
    BrainV3 6833932: 4452
    IdLoom1 | IdLoom2 | IdLoom3: 262
    BrainV3 7918376: 46


Detalles de la partida:
  Modo: NORMAL
  Numero de ronda: 1
  Duracion: 214
  Puntajes:
    BrainV3 8584338: 2299
    BrainV3 9879531: 723
    IdLoom1 | IdLoom2 | IdLoom3: 116


Detalles de la partida:
  Modo: NORMAL
  Numero de ronda: 1
  Duracion: 433
  Puntajes:
    BrainV3 4715091: 10723
    IdLoom1 | IdLoom2 | IdLoom3: 830
    BrainV3 7516933: 18


Detalles de la partida:
  Modo: NORMAL
  Numero de ronda: 1
  Duracion: 225
  Puntajes:
    BrainV3 608834: 3268
    IdLoom1 | IdLoom2 | IdLoom3: 416
    BrainV3 989707: 15


Detalles de la partida:
  Modo: NORMAL
  Numero de ronda: 1
  Duracion: 116
  Puntajes:
    IdLoom1 | IdLoom2 | IdLoom3: 522
    BrainV3 2090010: 156
    BrainV3 5424580: 141


Detalles de la partida:
  Modo: NORMAL
  Numero de ronda: 1
  Duracion: 34
  Puntajes:
    IdLoom1 | IdLoom2 | IdLoom3: 54
    BrainV3 1481682: 43
    BrainV3 7290637: 9


Detalles de la partida:
  Modo: BATTLE_ROYALE
  Numero de ronda: 1
  Duracion: 71
  Puntajes:
    IdLoom1 | IdLoom2 | IdLoom3: 142
    BrainV3 1471795: 71
    BrainV3 3933817: 59


Detalles de la partida:
  Modo: BATTLE_ROYALE
  Numero de ronda: 1
  Duracion: 327
  Puntajes:
    IdLoom1 | IdLoom2 | IdLoom3: 3031
    BrainV1 7997671: 505
    BrainV1 4135029: 319


Detalles de la partida:
  Modo: BATTLE_ROYALE
  Numero de ronda: 1
  Duracion: 371
  Puntajes:
    Ferreira | Berrios: 2069
    Nunez Carolina | Juarez Emanuel | Couzo Eduardo: 385
    BrainV1 6660278: 370
    BrainV1 421298: 58


Detalles de la partida:
  Modo: BATTLE_ROYALE
  Numero de ronda: 1
  Duracion: 224
  Puntajes:
    Ferreira | Berrios: 1036
    BrainV1 3443386: 223
    BrainV1 3427453: 170
    Nunez Carolina | Juarez Emanuel | Couzo Eduardo: 161


Detalles de la partida:
  Modo: BATTLE_ROYALE
  Numero de ronda: 1
  Duracion: 269
  Puntajes:
    Nunez Carolina | Juarez Emanuel | Couzo Eduardo: 744
    Ferreira | Berrios: 626
    BrainV1 5485857: 268
    BrainV1 5468379: 110


Detalles de la partida:
  Modo: BATTLE_ROYALE
  Numero de ronda: 1
  Duracion: 375
  Puntajes:
    Ferreira | Berrios: 4073
    BrainV1 7564459: 454
    Nunez Carolina | Juarez Emanuel | Couzo Eduardo: 184
    BrainV1 3012267: 174


Detalles de la partida:
  Modo: BATTLE_ROYALE
  Numero de ronda: 1
  Duracion: 449
  Puntajes:
    Ferreira | Berrios: 6303
    Nunez Carolina | Juarez Emanuel | Couzo Eduardo: 127
    BrainV1 1016511: 124
    BrainV1 8163481: 53


Detalles de la partida:
  Modo: BATTLE_ROYALE
  Numero de ronda: 1
  Duracion: 813
  Puntajes:
    Ferreira | Berrios: 1743
    BrainV1 4790815: 1651
    Nunez Carolina | Juarez Emanuel | Couzo Eduardo: 645
    BrainV1 9101077: 141


Detalles de la partida:
  Modo: BATTLE_ROYALE
  Numero de ronda: 1
  Duracion: 236
  Puntajes:
    Ferreira | Berrios: 1086
    Nunez Carolina | Juarez Emanuel | Couzo Eduardo: 904
    BrainV1 8860111: 35
    BrainV1 3609: 35


Detalles de la partida:
  Modo: BATTLE_ROYALE
  Numero de ronda: 1
  Duracion: 282
  Puntajes:
    Ferreira | Berrios: 2601
    BrainV1 43564: 227
    BrainV1 4242335: 227
    Nunez Carolina | Juarez Emanuel | Couzo Eduardo: 180


Detalles de la partida:
  Modo: BATTLE_ROYALE
  Numero de ronda: 1
  Duracion: 675
  Puntajes:
    Nunez Carolina | Juarez Emanuel | Couzo Eduardo: 1900
    BrainV1 3368022: 1428
    Ferreira | Berrios: 274
    BrainV1 2792545: 32


Detalles de la partida:
  Modo: BATTLE_ROYALE
  Numero de ronda: 1
  Duracion: 799
  Puntajes:
    Ferreira | Berrios: 1404
    BrainV1 4260832: 1300
    Nunez Carolina | Juarez Emanuel | Couzo Eduardo: 398
    BrainV1 2535164: 107


Detalles de la partida:
  Modo: BATTLE_ROYALE
  Numero de ronda: 2
  Duracion: 332
  Puntajes:
    BrainV1 4260832: 1631
    Ferreira | Berrios: 1623
    Nunez Carolina | Juarez Emanuel | Couzo Eduardo: 545
    BrainV1 2535164: 438


Detalles de la partida:
  Modo: BATTLE_ROYALE
  Numero de ronda: 3
  Duracion: 145
  Puntajes:
    BrainV1 4260832: 1775
    Ferreira | Berrios: 1646
    Nunez Carolina | Juarez Emanuel | Couzo Eduardo: 1126
    BrainV1 2535164: 461


Detalles de la partida:
  Modo: BATTLE_ROYALE
  Numero de ronda: 4
  Duracion: 274
  Puntajes:
    Nunez Carolina | Juarez Emanuel | Couzo Eduardo: 2445
    BrainV1 4260832: 2048
    Ferreira | Berrios: 1861
    BrainV1 2535164: 734


Detalles de la partida:
  Modo: BATTLE_ROYALE
  Numero de ronda: 5
  Duracion: 71
  Puntajes:
    Nunez Carolina | Juarez Emanuel | Couzo Eduardo: 2622
    BrainV1 4260832: 2118
    Ferreira | Berrios: 1868
    BrainV1 2535164: 741


Detalles de la partida:
  Modo: BATTLE_ROYALE
  Numero de ronda: 1
  Duracion: 260
  Puntajes:
    Ferreira | Berrios: 739
    BrainV1 6997693: 480
    BrainV1 6355199: 367
    Nunez Carolina | Juarez Emanuel | Couzo Eduardo: 155


Detalles de la partida:
  Modo: BATTLE_ROYALE
  Numero de ronda: 2
  Duracion: 539
  Puntajes:
    Nunez Carolina | Juarez Emanuel | Couzo Eduardo: 3181
    Ferreira | Berrios: 1706
    BrainV1 6355199: 1436
    BrainV1 6997693: 703


Detalles de la partida:
  Modo: BATTLE_ROYALE
  Numero de ronda: 3
  Duracion: 353
  Puntajes:
    Ferreira | Berrios: 5004
    Nunez Carolina | Juarez Emanuel | Couzo Eduardo: 3387
    BrainV1 6355199: 1563
    BrainV1 6997693: 1061


Detalles de la partida:
  Modo: BATTLE_ROYALE
  Numero de ronda: 4
  Duracion: 688
  Puntajes:
    Ferreira | Berrios: 7754
    Nunez Carolina | Juarez Emanuel | Couzo Eduardo: 5409
    BrainV1 6355199: 2329
    BrainV1 6997693: 1284


Detalles de la partida:
  Modo: BATTLE_ROYALE
  Numero de ronda: 5
  Duracion: 310
  Puntajes:
    Ferreira | Berrios: 10231
    Nunez Carolina | Juarez Emanuel | Couzo Eduardo: 5621
    BrainV1 6355199: 2521
    BrainV1 6997693: 1384


Detalles de la partida:
  Modo: BATTLE_ROYALE
  Numero de ronda: 1
  Duracion: 838
  Puntajes:
    Ferreira | Berrios: 2220
    BrainV1 4998736: 1331
    Nunez Carolina | Juarez Emanuel | Couzo Eduardo: 186
    BrainV1 8887625: 4
    Nunez Carolina | Juarez Emanuel | Couzo Eduardo: 0


Detalles de la partida:
  Modo: BATTLE_ROYALE
  Numero de ronda: 2
  Duracion: 409
  Puntajes:
    Ferreira | Berrios: 2292
    BrainV1 4998736: 1739
    Nunez Carolina | Juarez Emanuel | Couzo Eduardo: 448
    BrainV1 8887625: 87
    Nunez Carolina | Juarez Emanuel | Couzo Eduardo: 0


Detalles de la partida:
  Modo: BATTLE_ROYALE
  Numero de ronda: 3
  Duracion: 543
  Puntajes:
    Nunez Carolina | Juarez Emanuel | Couzo Eduardo: 5916
    Ferreira | Berrios: 2523
    BrainV1 4998736: 2110
    BrainV1 8887625: 458
    Nunez Carolina | Juarez Emanuel | Couzo Eduardo: 0


Detalles de la partida:
  Modo: BATTLE_ROYALE
  Numero de ronda: 4
  Duracion: 303
  Puntajes:
    Nunez Carolina | Juarez Emanuel | Couzo Eduardo: 6356
    Ferreira | Berrios: 5190
    BrainV1 4998736: 2176
    BrainV1 8887625: 524
    Nunez Carolina | Juarez Emanuel | Couzo Eduardo: 0


Detalles de la partida:
  Modo: BATTLE_ROYALE
  Numero de ronda: 5
  Duracion: 694
  Puntajes:
    Nunez Carolina | Juarez Emanuel | Couzo Eduardo: 11027
    Ferreira | Berrios: 5494
    BrainV1 4998736: 2250
    BrainV1 8887625: 1967
    Nunez Carolina | Juarez Emanuel | Couzo Eduardo: 0


Detalles de la partida:
  Modo: BATTLE_ROYALE
  Numero de ronda: 1
  Duracion: 290
  Puntajes:
    Ferreira | Berrios: 2367
    Nunez Carolina | Juarez Emanuel | Couzo Eduardo: 449
    BrainV1 1660682: 146
    BrainV1 3064165: 91
    Ferreira | Berrios: 0
    Nunez Carolina | Juarez Emanuel | Couzo Eduardo: 0


Detalles de la partida:
  Modo: BATTLE_ROYALE
  Numero de ronda: 2
  Duracion: 678
  Puntajes:
    Ferreira | Berrios: 3333
    BrainV1 1660682: 1323
    BrainV1 3064165: 569
    Nunez Carolina | Juarez Emanuel | Couzo Eduardo: 559
    Ferreira | Berrios: 0
    Nunez Carolina | Juarez Emanuel | Couzo Eduardo: 0


Detalles de la partida:
  Modo: BATTLE_ROYALE
  Numero de ronda: 3
  Duracion: 274
  Puntajes:
    Ferreira | Berrios: 5455
    BrainV1 1660682: 1521
    BrainV1 3064165: 659
    Nunez Carolina | Juarez Emanuel | Couzo Eduardo: 621
    Ferreira | Berrios: 0
    Nunez Carolina | Juarez Emanuel | Couzo Eduardo: 0


Detalles de la partida:
  Modo: BATTLE_ROYALE
  Numero de ronda: 4
  Duracion: 677
  Puntajes:
    Ferreira | Berrios: 5497
    Nunez Carolina | Juarez Emanuel | Couzo Eduardo: 5389
    BrainV1 1660682: 1927
    BrainV1 3064165: 1700
    Ferreira | Berrios: 0
    Nunez Carolina | Juarez Emanuel | Couzo Eduardo: 0


Detalles de la partida:
  Modo: BATTLE_ROYALE
  Numero de ronda: 5
  Duracion: 457
  Puntajes:
    Nunez Carolina | Juarez Emanuel | Couzo Eduardo: 9506
    Ferreira | Berrios: 5898
    BrainV1 1660682: 2051
    BrainV1 3064165: 1764
    Ferreira | Berrios: 0
    Nunez Carolina | Juarez Emanuel | Couzo Eduardo: 0


Detalles de la partida:
  Modo: BATTLE_ROYALE
  Numero de ronda: 6
  Duracion: 611
  Puntajes:
    Nunez Carolina | Juarez Emanuel | Couzo Eduardo: 11306
    Ferreira | Berrios: 6198
    BrainV1 3064165: 3490
    BrainV1 1660682: 2185
    Ferreira | Berrios: 0
    Nunez Carolina | Juarez Emanuel | Couzo Eduardo: 0


Detalles de la partida:
  Modo: BATTLE_ROYALE
  Numero de ronda: 7
  Duracion: 402
  Puntajes:
    Nunez Carolina | Juarez Emanuel | Couzo Eduardo: 12700
    Ferreira | Berrios: 6243
    BrainV1 3064165: 3891
    BrainV1 1660682: 2908
    Ferreira | Berrios: 0
    Nunez Carolina | Juarez Emanuel | Couzo Eduardo: 0


Detalles de la partida:
  Modo: BATTLE_ROYALE
  Numero de ronda: 1
  Duracion: 514
  Puntajes:
    BrainV3 8254961: 7314
    BrainV3 500361: 192
    Nunez Carolina | Juarez Emanuel | Couzo Eduardo: 105
    Ferreira | Berrios: 10


Detalles de la partida:
  Modo: BATTLE_ROYALE
  Numero de ronda: 2
  Duracion: 494
  Puntajes:
    BrainV3 8254961: 7372
    BrainV3 500361: 7015
    Nunez Carolina | Juarez Emanuel | Couzo Eduardo: 182
    Ferreira | Berrios: 25


Detalles de la partida:
  Modo: BATTLE_ROYALE
  Numero de ronda: 3
  Duracion: 626
  Puntajes:
    BrainV3 8254961: 19505
    BrainV3 500361: 7045
    Nunez Carolina | Juarez Emanuel | Couzo Eduardo: 420
    Ferreira | Berrios: 110


Detalles de la partida:
  Modo: BATTLE_ROYALE
  Numero de ronda: 4
  Duracion: 504
  Puntajes:
    BrainV3 8254961: 19846
    BrainV3 500361: 13674
    Ferreira | Berrios: 1126
    Nunez Carolina | Juarez Emanuel | Couzo Eduardo: 574


