999
497 871 214
312 770 530
96 119 841
239 964 1122
210 589 1129
644 924 1239
486 802 1698
121 177 2087
149 265 2687
861 987 2773
338 763 3136
133 138 3239
76 314 3274
362 441 3284
22 418 3379
310 396 4225
273 760 4314
950 963 4540
272 826 4637
87 440 4714
695 842 5094
465 656 5217
216 511 5284
193 653 5518
173 687 5602
252 980 5659
96 345 5866
146 274 6229
136 572 6468
813 880 7006
77 586 7258
133 673 7364
1 699 7457
701 984 7556
40 988 7686
337 459 7755
649 862 7924
353 835 8632
113 922 8682
700 928 8882
302 772 9488
305 374 9590
202 619 9788
878 898 9849
304 983 10249
118 696 10465
325 675 10493
195 614 10597
186 429 10745
826 996 10830
207 970 10852
414 927 10870
200 946 10948
745 973 11668
22 120 11716
142 932 11800
701 993 11970
419 881 12438
261 588 12767
224 371 12975
662 986 13709
251 832 13947
46 417 13991
195 867 14004
58 971 14145
100 456 14571
744 871 14577
624 854 15006
492 561 15156
269 976 15612
79 421 15618
581 751 15719
227 685 15725
137 721 15832
295 440 16623
628 830 16830
70 144 16945
452 503 17170
182 287 17239
602 910 17467
397 574 17651
427 842 17790
447 907 17799
93 994 17985
249 903 18088
373 995 18157
386 410 18267
137 344 18269
167 203 18715
572 964 18964
413 746 19440
79 665 20236
217 963 20323
80 194 20678
103 627 20806
265 752 21068
221 914 21328
469 776 21392
39 334 21884
323 649 22115
2 712 22255
761 921 22681
277 725 22961
354 953 23207
395 531 23227
344 658 23347
544 954 23448
88 889 23486
524 529 23507
188 941 23579
531 762 23838
148 803 24028
303 850 24346
416 839 24385
547 802 24411
204 374 24421
713 768 24719
351 882 24865
628 862 24872
716 755 25254
143 309 25637
101 548 25883
386 785 26191
164 172 26496
397 863 26503
832 834 26720
646 713 26815
97 361 27517
183 529 27875
625 917 27909
424 694 28191
540 731 28362
183 927 28368
496 514 28752
597 781 29146
433 988 29236
801 929 30114
89 365 30764
649 652 31245
548 834 31361
322 569 31448
219 460 31751
553 901 31854
739 940 32440
659 661 32482
110 280 32852
182 782 33185
576 992 33307
448 481 33346
106 492 33502
378 956 33778
317 391 33911
858 994 34096
235 971 35009
584 992 35195
207 452 35325
68 170 36378
155 538 36639
28 956 36694
150 721 36845
368 701 36933
96 743 36940
559 891 36959
527 1000 37419
276 854 37822
722 842 37936
75 771 38036
71 176 38048
363 649 38479
552 883 39184
567 978 39231
821 956 39240
268 836 39248
125 382 39338
1 923 39929
22 626 40136
508 834 40281
522 991 40832
785 947 40842
144 348 41464
207 737 41606
394 509 41671
265 710 41960
726 989 42169
383 424 42222
409 666 42368
912 969 42378
25 390 42425
137 632 42853
618 711 42920
77 536 43285
716 987 43548
582 701 43836
322 470 43886
625 792 43892
290 718 43956
850 863 44991
255 541 45019
659 881 45232
527 793 45249
257 684 45911
832 982 46311
688 893 46603
295 479 46865
279 405 48194
449 989 48254
187 932 48330
424 841 48369
673 746 48524
71 547 48734
118 730 48858
217 922 49313
97 952 49480
659 745 49804
57 351 50066
290 889 50294
474 622 50321
345 971 50340
77 886 50822
242 898 51426
210 722 51802
308 970 51890
423 437 51972
101 336 52042
731 892 52253
483 822 52568
74 770 52968
266 376 53015
692 722 53509
91 318 53795
12 693 54148
110 542 54174
494 584 54204
796 996 54235
238 706 54698
414 866 54735
671 992 54899
404 776 55281
360 444 56258
116 549 56421
276 454 56676
159 829 56723
734 736 56724
182 982 56936
189 215 57157
668 794 57186
812 955 57364
174 822 57561
251 704 57601
155 872 57897
350 448 58779
82 897 59302
88 295 59320
306 560 59321
415 745 59448
266 757 59761
292 381 59836
803 866 60668
556 853 60757
205 578 60855
517 996 60944
168 647 61294
284 715 61297
105 883 61320
23 688 61359
174 517 61765
65 631 62199
34 435 62716
423 579 63152
549 615 63254
514 586 63258
225 510 63412
811 924 63832
789 926 64234
67 659 64249
299 701 64399
150 301 64420
349 401 64554
447 551 64598
691 741 64741
73 138 65035
25 141 65457
152 938 65599
517 552 65601
353 515 65909
439 628 66078
656 882 66476
298 796 66551
170 452 66718
5 631 66907
18 717 66917
442 945 66964
267 732 67009
857 938 67032
482 784 67115
403 599 67120
407 415 67142
391 432 67288
77 930 67333
154 725 67538
272 630 68005
575 1000 68209
91 262 68600
184 821 68724
51 785 68788
317 402 68870
12 137 69203
140 367 69617
320 584 69660
294 986 69734
502 971 70004
527 825 70125
761 981 70201
297 818 70482
726 826 70612
892 945 70888
400 667 70980
634 721 70987
454 723 71036
318 672 71074
348 595 71204
329 396 71333
179 595 71811
476 736 72018
453 773 72597
355 516 72740
120 459 73145
88 513 73188
372 642 73463
517 745 73652
833 985 73695
663 665 73854
489 519 73966
341 778 74189
496 714 74253
327 419 74587
195 328 74789
83 775 74817
504 854 74877
237 292 75016
197 580 75070
415 965 75246
289 651 75333
149 692 75418
250 529 75543
359 672 75602
155 724 75623
69 609 75659
32 948 75804
376 948 75877
55 170 76142
660 940 76373
511 606 76524
71 247 76626
153 225 76937
819 946 76987
263 680 77008
701 710 77065
47 239 77748
237 828 78174
435 932 78233
420 451 78532
178 843 78568
86 369 78743
643 675 79334
406 848 79362
775 826 79881
229 921 79905
155 309 80009
333 610 80475
236 889 80526
540 686 80566
150 242 81667
128 501 81876
102 731 82079
471 821 82118
728 805 82118
497 653 82343
465 752 82400
42 80 82455
204 566 82588
5 888 83238
282 390 83412
200 366 83445
252 356 83501
398 570 83820
346 851 83855
173 840 84462
417 451 84677
146 808 84847
81 264 85126
158 321 85308
481 584 85370
294 836 85783
209 663 85787
127 432 85807
262 323 86049
20 692 86456
186 450 86518
822 983 86860
227 586 87048
673 869 87197
8 717 87308
440 723 87413
319 932 87538
638 866 87606
43 996 87851
467 722 87969
620 918 88212
168 194 88362
49 60 88456
244 755 88486
8 597 88591
44 462 88908
32 362 89332
703 945 89411
806 988 89446
33 319 90127
11 862 90287
245 542 90425
329 984 90449
161 601 90605
127 750 90930
208 920 91298
491 905 91300
104 568 91344
236 985 91363
235 999 91595
262 980 91906
185 731 91951
397 934 91977
379 918 92162
73 351 92269
637 929 92371
241 489 92568
213 603 92626
962 963 92951
412 491 93548
201 883 93593
256 699 93788
278 315 93840
24 445 94091
358 920 94183
507 714 94305
375 429 94685
133 694 95080
392 404 95177
319 983 95284
231 982 95596
683 933 95598
315 739 95756
131 628 95848
276 485 96111
213 234 96218
141 272 96714
637 859 96829
239 246 96845
329 763 96935
515 875 98255
291 980 98303
602 626 98331
187 843 98335
130 501 98419
77 112 99021
661 880 99072
346 888 99196
73 855 99418
14 306 99504
206 503 99521
48 942 99773
104 319 99933
389 535 99993
581 685 100103
194 907 100208
746 898 100470
418 729 100950
231 804 101184
786 937 101895
547 799 101919
122 823 102091
180 574 102162
377 592 102223
376 410 102267
271 887 102642
196 358 102822
327 522 103298
645 715 103346
317 501 103351
588 616 103412
452 580 103526
442 807 103582
488 763 103630
333 675 103918
472 647 103994
220 839 104043
232 993 104173
517 900 104302
179 483 104355
236 524 104875
504 894 105086
19 607 105099
383 420 105135
419 735 105151
340 933 105219
286 482 105393
750 867 105635
174 876 105658
30 107 105889
96 505 106061
648 944 106081
558 868 106258
180 931 106737
383 758 106904
599 635 106904
351 353 106992
206 846 107027
448 949 107110
77 116 107481
475 629 107537
510 898 107676
488 838 109064
663 979 109270
548 576 109280
572 764 109538
539 749 110060
25 951 110083
164 448 110361
414 580 110443
391 595 110725
247 930 110819
167 767 110956
160 455 111040
285 516 111101
670 772 111198
62 508 111276
381 673 111384
213 230 111597
7 443 111883
23 869 111915
47 493 112401
151 983 112960
821 935 113029
67 828 113139
248 415 113418
220 350 113689
393 869 113794
277 577 113856
76 565 114061
613 672 114113
169 691 114130
365 975 114149
704 927 114289
8 403 114799
122 200 115422
133 780 115593
446 532 116450
38 743 116469
255 885 116674
17 60 116831
582 994 117308
595 631 117542
554 715 117639
628 925 118105
133 221 119069
131 221 119076
579 891 119256
191 970 119329
833 881 119679
436 843 119722
290 941 119834
80 484 120257
175 431 120536
701 865 120918
30 71 120967
264 984 121281
92 864 121316
316 771 121754
304 442 121795
145 207 121833
262 520 121863
596 966 121992
84 180 122333
326 695 122511
51 420 122723
580 696 122738
138 897 122739
4 412 122781
530 896 122971
24 968 123755
398 558 123966
90 944 124077
91 868 124546
229 925 124578
35 772 124768
105 816 124780
342 630 124852
254 854 124995
375 722 125141
405 517 125411
189 393 125967
331 452 126363
75 981 126616
410 954 126770
174 901 126945
1 417 127570
247 399 127665
307 954 127918
117 334 127924
322 617 128050
217 832 128291
387 651 128579
311 494 128759
728 878 128852
521 814 129152
306 667 129843
106 215 129943
95 261 130588
708 736 130786
434 584 130883
211 464 131027
730 960 131331
300 557 131651
224 940 131706
136 725 131765
245 580 131787
657 819 132946
5 136 133379
42 559 133969
58 260 134017
138 275 134200
635 745 134208
114 354 134288
280 443 134303
462 590 134494
709 778 134885
383 550 134992
243 619 135096
70 546 135405
78 859 135824
276 640 136059
422 818 136089
16 634 136125
28 496 136153
705 977 136209
679 788 136230
842 936 136429
95 380 136437
637 869 136760
203 306 137769
15 927 138064
743 865 138237
817 940 138348
103 819 138500
73 648 138543
244 950 139148
209 889 139206
13 463 139314
292 997 139837
208 592 140246
275 940 140340
826 969 141080
556 909 141192
33 193 141220
203 818 141426
234 783 142050
42 142 142064
476 851 142456
754 900 142632
365 626 143379
590 753 143585
268 928 143639
455 644 144054
27 297 144164
543 562 144188
72 736 144200
438 840 144472
213 658 144894
89 239 145238
933 968 145276
288 691 145411
192 633 145732
414 591 145808
77 910 145955
333 523 146155
635 860 146171
146 823 146360
240 996 147062
117 352 147338
438 500 147358
378 792 147482
565 649 148072
746 919 148179
51 711 148332
267 485 148964
373 926 150708
249 671 150932
8 48 151177
772 954 151829
162 806 151975
1 840 152085
84 413 152340
76 109 152345
719 842 152497
318 325 152751
374 600 152764
206 357 152767
332 846 152790
671 720 153322
123 549 153622
620 843 154470
422 841 154632
49 209 154815
247 976 155308
357 713 155527
406 919 156036
241 856 156048
672 856 156243
486 684 156249
887 980 156559
214 656 156611
689 909 156800
34 108 156859
412 463 156996
506 878 157323
425 884 157986
10 775 158230
389 512 158320
250 928 159131
199 646 159557
343 888 159845
518 917 160361
764 913 160769
208 371 161232
524 563 161637
160 736 161721
202 749 161969
499 652 162240
307 946 162285
397 677 162765
190 556 162860
511 768 163015
678 740 163504
296 703 163570
252 411 163584
383 468 163614
225 641 163867
453 461 163998
636 914 164083
117 378 164230
885 921 164375
446 983 164714
162 548 164715
477 533 164858
539 844 164991
482 627 165838
152 291 165880
4 881 166331
59 274 166750
29 36 167416
259 513 168129
292 765 168139
99 520 168367
361 469 168525
143 919 168855
281 459 169016
161 435 169394
100 896 169429
217 909 169566
358 845 169770
678 821 169947
514 702 171120
478 855 171532
243 691 171651
205 471 172147
181 345 173089
570 753 173200
9 336 173441
21 917 173945
468 747 173977
893 933 174253
161 709 175320
114 526 175462
269 798 175603
145 953 175826
157 255 177099
375 705 177222
198 361 177590
291 487 177647
41 687 178928
682 708 179114
896 940 179534
67 394 179584
285 585 179666
171 862 179684
32 387 180400
380 707 181343
478 707 181509
243 970 181735
29 420 183121
85 105 183349
221 223 183523
774 841 184100
361 769 184296
681 998 186184
346 364 186590
74 355 187010
15 814 188187
666 709 188257
172 464 188489
346 466 188697
92 720 189460
280 655 189773
156 949 190069
769 902 191619
800 860 192380
60 760 192454
389 979 192722
85 966 192942
733 768 193468
36 313 194290
134 499 194344
432 621 194458
54 522 195159
54 609 196427
347 569 196546
126 736 196636
672 874 197031
819 899 197223
226 329 197706
132 895 198208
99 158 198216
276 676 198283
809 970 198377
497 564 198624
238 738 198801
140 847 200174
591 611 201864
218 765 202098
222 689 202358
916 940 202911
192 856 203044
890 935 204281
177 762 204814
45 159 205379
63 434 205505
668 702 205679
472 608 205700
188 650 206103
165 228 206215
628 679 206636
543 725 207265
129 747 207481
26 556 207596
944 958 207841
372 457 208073
132 889 208446
678 978 209519
177 247 209886
428 774 210460
312 918 210912
604 940 211365
330 795 211692
228 409 212653
680 843 212928
234 534 212947
428 569 213523
249 339 214337
550 554 214684
83 831 215620
176 425 216451
629 865 216560
424 773 216844
139 443 217290
27 742 217615
115 738 217875
19 964 218863
293 825 218887
306 998 220749
50 843 221386
94 435 221665
953 974 222865
423 926 223044
695 911 225281
6 704 225754
158 204 226528
791 988 227471
537 626 228717
127 330 231082
474 745 232177
111 881 232195
521 939 232874
203 457 236422
371 385 237375
15 879 237951
690 719 238773
882 1000 238849
270 880 239032
415 787 239216
837 881 239449
469 475 239656
794 852 240441
238 621 240568
674 832 245922
89 812 246505
810 935 246979
104 367 248106
669 817 249158
310 370 251922
58 473 252265
525 902 252370
147 696 255349
533 594 255744
384 656 256192
166 407 257750
296 498 258067
489 904 258309
510 824 258883
571 952 260137
323 908 260632
460 744 263186
201 605 263355
543 877 263446
61 505 263623
110 820 264191
66 878 264757
216 533 266474
557 730 267940
31 92 268214
276 335 270956
37 889 272617
73 86 275695
438 528 276948
125 176 278972
431 575 279478
291 623 281235
2 141 281627
426 788 284158
212 917 286938
490 977 291240
710 790 303149
441 598 303935
258 537 307384
53 687 309142
639 763 309279
545 946 309344
239 401 310956
207 797 324697
64 357 325610
204 815 328258
52 561 328956
380 587 329033
96 829 330368
480 621 330842
388 467 336143
454 759 337372
664 784 341715
293 583 342473
135 973 345242
360 983 345864
355 408 346544
3 290 354268
329 990 355197
635 972 361153
779 944 366326
233 287 366839
283 730 367063
719 786 367158
714 943 369315
138 748 371225
90 873 374535
81 967 383399
573 625 384821
687 727 388457
299 957 393306
212 961 397983
397 654 404463
240 555 404817
56 254 405092
30 766 405697
324 754 410194
366 959 413358
419 906 417650
40 495 430229
177 697 435027
16 163 439151
698 830 445165
253 885 451361
430 727 476831
98 653 485753
593 912 490464
362 458 495534
752 756 499304
124 466 501622
827 856 506409
728 870 525194
612 739 556559
602 777 606185
58 849 615116
759 915 683393
